# JRE version: Java(TM) SE Runtime Environment (18.0.1+10) (build 18.0.1+10-24)
# Java VM: Java HotSpot(TM) 64-Bit Server VM (18.0.1+10-24, mixed mode, sharing, tiered, compressed oops, compressed class ptrs, g1 gc, windows-amd64)
GC Precious Log:
 CardTable entry size: 512
 Card Set container configuration: InlinePtr #cards 5 size 8 Array Of Cards #cards 12 size 40 Howl #buckets 4 coarsen threshold 1843 Howl Bitmap #cards 512 size 80 coarsen threshold 460 Card regions per heap region 1 cards per card region 2048
 CPUs: 4 total, 4 available
 Memory: 8023M
 Large Page Support: Disabled
 NUMA Support: Disabled
 Compressed Oops: Enabled (32-bit)
 Heap Region Size: 1M
 Heap Min Capacity: 8M
 Heap Initial Capacity: 126M
 Heap Max Capacity: 2006M
 Pre-touch: Disabled
 Parallel Workers: 4
 Concurrent Workers: 1
 Concurrent Refinement Workers: 4
 Periodic GC: Disabled
Heap:
 garbage-first heap   total 129024K, used 22204K [0x0000000082a00000, 0x0000000100000000)
  region size 1024K, 19 young (19456K), 4 survivors (4096K)
 Metaspace       used 20875K, committed 21120K, reserved 1114112K
  class space    used 2635K, committed 2752K, reserved 1048576K
GC Heap History (6 events):
Event: 1.832 GC heap before
{Heap before GC invocations=0 (full 0):
 garbage-first heap   total 129024K, used 13312K [0x0000000082a00000, 0x0000000100000000)
  region size 1024K, 13 young (13312K), 0 survivors (0K)
 Metaspace       used 4288K, committed 4480K, reserved 1114112K
  class space    used 443K, committed 512K, reserved 1048576K
}
Event: 1.845 GC heap after
{Heap after GC invocations=1 (full 0):
 garbage-first heap   total 129024K, used 4666K [0x0000000082a00000, 0x0000000100000000)
  region size 1024K, 2 young (2048K), 2 survivors (2048K)
 Metaspace       used 4288K, committed 4480K, reserved 1114112K
  class space    used 443K, committed 512K, reserved 1048576K
}
Event: 3.535 GC heap before
{Heap before GC invocations=1 (full 0):
 garbage-first heap   total 129024K, used 16954K [0x0000000082a00000, 0x0000000100000000)
  region size 1024K, 14 young (14336K), 2 survivors (2048K)
 Metaspace       used 8454K, committed 8640K, reserved 1114112K
  class space    used 1137K, committed 1216K, reserved 1048576K
}
Event: 3.545 GC heap after
{Heap after GC invocations=2 (full 0):
 garbage-first heap   total 129024K, used 5854K [0x0000000082a00000, 0x0000000100000000)
  region size 1024K, 1 young (1024K), 1 survivors (1024K)
 Metaspace       used 8454K, committed 8640K, reserved 1114112K
  class space    used 1137K, committed 1216K, reserved 1048576K
}
Event: 6.617 GC heap before
{Heap before GC invocations=2 (full 0):
 garbage-first heap   total 129024K, used 31454K [0x0000000082a00000, 0x0000000100000000)
  region size 1024K, 27 young (27648K), 1 survivors (1024K)
 Metaspace       used 16664K, committed 16960K, reserved 1114112K
  class space    used 1990K, committed 2112K, reserved 1048576K
}
Event: 6.632 GC heap after
{Heap after GC invocations=3 (full 0):
 garbage-first heap   total 129024K, used 8892K [0x0000000082a00000, 0x0000000100000000)
  region size 1024K, 4 young (4096K), 4 survivors (4096K)
 Metaspace       used 16664K, committed 16960K, reserved 1114112K
  class space    used 1990K, committed 2112K, reserved 1048576K
}

